[  481.953408] EtherCAT: Requesting master 0...
[  481.953411] EtherCAT DEBUG 0: IDLE -> OPERATION.
[  481.953412] EtherCAT: Successfully requested master 0.
[  481.953413] EtherCAT DEBUG 0: ecrt_master_create_domain(master = 0x00000000a5bc56b8)
[  481.953414] EtherCAT DEBUG 0: Created domain 0.
[  481.953415] EtherCAT DEBUG 0: ecrt_master_slave_config(master = 0x00000000a5bc56b8, alias = 0, position = 0, vendor_id = 0x000001dd, product_code = 0x10400200)
[  481.953416] EtherCAT DEBUG 0: Creating slave configuration for 0:0, 0x000001DD/0x10400200.
[  481.953418] EtherCAT DEBUG 0 0:0: Attached slave 0.
[  481.953419] EtherCAT DEBUG 0: ecrt_master_sdo_download(master = 0x00000000a5bc56b8, slave_position = 0, index = 0x1C12, subindex = 0x00, data = 0x000000006ab29412, data_size = 1, abort_code = 0x00000000c590c15a)
[  481.953421] EtherCAT DEBUG 0-0: Scheduling SDO download request.
[  481.956621] EtherCAT DEBUG 0-0: Processing SDO request...
[  481.956622] EtherCAT DEBUG 0-0: Downloading SDO 0x1C12:00.
[  481.956622] EtherCAT DEBUG: 00 
[  481.956623] EtherCAT DEBUG 0-0: Expedited download request:
[  481.956624] EtherCAT DEBUG: 00 20 2F 12 1C 00 00 00 00 00 
[  481.984607] EtherCAT DEBUG 0-0: Download response:
[  481.984609] EtherCAT DEBUG: 00 30 60 12 1C 00 00 00 00 00 
[  481.984612] EtherCAT DEBUG 0-0: Finished SDO request.
[  481.984621] EtherCAT DEBUG 0 0:0: ecrt_slave_config_sdo(sc = 0x000000006e92d9ad, index = 0x1C12, subindex = 0x00, data = 0x000000007544ed02, size = 1)
[  481.984626] EtherCAT DEBUG 0: ecrt_master_sdo_download(master = 0x00000000a5bc56b8, slave_position = 0, index = 0x1C13, subindex = 0x00, data = 0x000000007544ed02, data_size = 1, abort_code = 0x00000000614ed052)
[  481.984628] EtherCAT DEBUG 0-0: Scheduling SDO download request.
[  481.992612] EtherCAT DEBUG 0-0: Processing SDO request...
[  481.992613] EtherCAT DEBUG 0-0: Downloading SDO 0x1C13:00.
[  481.992614] EtherCAT DEBUG: 00 
[  481.992615] EtherCAT DEBUG 0-0: Expedited download request:
[  481.992616] EtherCAT DEBUG: 00 20 2F 13 1C 00 00 00 00 00 
[  482.020600] EtherCAT DEBUG 0-0: Download response:
[  482.020602] EtherCAT DEBUG: 00 30 60 13 1C 00 00 00 00 00 
[  482.020604] EtherCAT DEBUG 0-0: Finished SDO request.
[  482.020610] EtherCAT DEBUG 0 0:0: ecrt_slave_config_sdo(sc = 0x000000006e92d9ad, index = 0x1C13, subindex = 0x00, data = 0x000000007544ed02, size = 1)
[  482.020614] EtherCAT DEBUG 0: ecrt_master_sdo_download(master = 0x00000000a5bc56b8, slave_position = 0, index = 0x1A00, subindex = 0x00, data = 0x000000007544ed02, data_size = 1, abort_code = 0x00000000452c67b4)
[  482.020616] EtherCAT DEBUG 0-0: Scheduling SDO download request.
[  482.028600] EtherCAT DEBUG 0-0: Processing SDO request...
[  482.028601] EtherCAT DEBUG 0-0: Downloading SDO 0x1A00:00.
[  482.028602] EtherCAT DEBUG: 00 
[  482.028603] EtherCAT DEBUG 0-0: Expedited download request:
[  482.028604] EtherCAT DEBUG: 00 20 2F 00 1A 00 00 00 00 00 
[  482.052599] EtherCAT DEBUG 0-0: Download response:
[  482.052599] EtherCAT DEBUG: 00 30 60 00 1A 00 00 00 00 00 
[  482.052601] EtherCAT DEBUG 0-0: Finished SDO request.
[  482.052605] EtherCAT DEBUG 0 0:0: ecrt_slave_config_sdo(sc = 0x000000006e92d9ad, index = 0x1A00, subindex = 0x00, data = 0x000000007544ed02, size = 1)
[  482.052607] EtherCAT DEBUG 0: ecrt_master_sdo_download(master = 0x00000000a5bc56b8, slave_position = 0, index = 0x1A00, subindex = 0x01, data = 0x000000007544ed02, data_size = 4, abort_code = 0x0000000086bc7ddc)
[  482.052609] EtherCAT DEBUG 0-0: Scheduling SDO download request.
[  482.060602] EtherCAT DEBUG 0-0: Processing SDO request...
[  482.060603] EtherCAT DEBUG 0-0: Downloading SDO 0x1A00:01.
[  482.060603] EtherCAT DEBUG: 10 00 41 60 
[  482.060605] EtherCAT DEBUG 0-0: Expedited download request:
[  482.060605] EtherCAT DEBUG: 00 20 23 00 1A 01 10 00 41 60 
[  482.088598] EtherCAT DEBUG 0-0: Download response:
[  482.088598] EtherCAT DEBUG: 00 30 60 00 1A 01 10 00 41 60 
[  482.088600] EtherCAT DEBUG 0-0: Finished SDO request.
[  482.088604] EtherCAT DEBUG 0 0:0: ecrt_slave_config_sdo(sc = 0x000000006e92d9ad, index = 0x1A00, subindex = 0x01, data = 0x000000007544ed02, size = 4)
[  482.088607] EtherCAT DEBUG 0: ecrt_master_sdo_download(master = 0x00000000a5bc56b8, slave_position = 0, index = 0x1A00, subindex = 0x02, data = 0x000000007544ed02, data_size = 4, abort_code = 0x00000000360bbed4)
[  482.088609] EtherCAT DEBUG 0-0: Scheduling SDO download request.
[  482.096598] EtherCAT DEBUG 0-0: Processing SDO request...
[  482.096599] EtherCAT DEBUG 0-0: Downloading SDO 0x1A00:02.
[  482.096600] EtherCAT DEBUG: 10 00 43 60 
[  482.096601] EtherCAT DEBUG 0-0: Expedited download request:
[  482.096602] EtherCAT DEBUG: 00 20 23 00 1A 02 10 00 43 60 
[  482.120599] EtherCAT DEBUG 0-0: Download response:
[  482.120599] EtherCAT DEBUG: 00 30 60 00 1A 02 10 00 43 60 
[  482.120601] EtherCAT DEBUG 0-0: Finished SDO request.
[  482.120605] EtherCAT DEBUG 0 0:0: ecrt_slave_config_sdo(sc = 0x000000006e92d9ad, index = 0x1A00, subindex = 0x02, data = 0x000000007544ed02, size = 4)
[  482.120607] EtherCAT DEBUG 0: ecrt_master_sdo_download(master = 0x00000000a5bc56b8, slave_position = 0, index = 0x1A00, subindex = 0x03, data = 0x000000007544ed02, data_size = 4, abort_code = 0x0000000020417d67)
[  482.120609] EtherCAT DEBUG 0-0: Scheduling SDO download request.
[  482.128603] EtherCAT DEBUG 0-0: Processing SDO request...
[  482.128604] EtherCAT DEBUG 0-0: Downloading SDO 0x1A00:03.
[  482.128605] EtherCAT DEBUG: 08 00 61 60 
[  482.128606] EtherCAT DEBUG 0-0: Expedited download request:
[  482.128606] EtherCAT DEBUG: 00 20 23 00 1A 03 08 00 61 60 
[  482.160597] EtherCAT DEBUG 0-0: Download response:
[  482.160598] EtherCAT DEBUG: 00 30 60 00 1A 03 08 00 61 60 
[  482.160600] EtherCAT DEBUG 0-0: Finished SDO request.
[  482.160603] EtherCAT DEBUG 0 0:0: ecrt_slave_config_sdo(sc = 0x000000006e92d9ad, index = 0x1A00, subindex = 0x03, data = 0x000000007544ed02, size = 4)
[  482.160605] EtherCAT DEBUG 0: ecrt_master_sdo_download(master = 0x00000000a5bc56b8, slave_position = 0, index = 0x1A00, subindex = 0x04, data = 0x000000007544ed02, data_size = 4, abort_code = 0x000000009cbb30a9)
[  482.160606] EtherCAT DEBUG 0-0: Scheduling SDO download request.
[  482.168599] EtherCAT DEBUG 0-0: Processing SDO request...
[  482.168601] EtherCAT DEBUG 0-0: Downloading SDO 0x1A00:04.
[  482.168601] EtherCAT DEBUG: 08 00 00 00 
[  482.168603] EtherCAT DEBUG 0-0: Expedited download request:
[  482.168603] EtherCAT DEBUG: 00 20 23 00 1A 04 08 00 00 00 
[  482.200597] EtherCAT DEBUG 0-0: Download response:
[  482.200598] EtherCAT DEBUG: 00 30 60 00 1A 04 08 00 00 00 
[  482.200600] EtherCAT DEBUG 0-0: Finished SDO request.
[  482.200604] EtherCAT DEBUG 0 0:0: ecrt_slave_config_sdo(sc = 0x000000006e92d9ad, index = 0x1A00, subindex = 0x04, data = 0x000000007544ed02, size = 4)
[  482.200607] EtherCAT DEBUG 0: ecrt_master_sdo_download(master = 0x00000000a5bc56b8, slave_position = 0, index = 0x1A00, subindex = 0x00, data = 0x000000007544ed02, data_size = 1, abort_code = 0x0000000047f1cde2)
[  482.200608] EtherCAT DEBUG 0-0: Scheduling SDO download request.
[  482.208598] EtherCAT DEBUG 0-0: Processing SDO request...
[  482.208599] EtherCAT DEBUG 0-0: Downloading SDO 0x1A00:00.
[  482.208600] EtherCAT DEBUG: 04 
[  482.208600] EtherCAT DEBUG 0-0: Expedited download request:
[  482.208601] EtherCAT DEBUG: 00 20 2F 00 1A 00 04 00 00 00 
[  482.232596] EtherCAT DEBUG 0-0: Download response:
[  482.232596] EtherCAT DEBUG: 00 30 60 00 1A 00 04 00 00 00 
[  482.232598] EtherCAT DEBUG 0-0: Finished SDO request.
[  482.232602] EtherCAT DEBUG 0 0:0: ecrt_slave_config_sdo(sc = 0x000000006e92d9ad, index = 0x1A00, subindex = 0x00, data = 0x000000007544ed02, size = 1)
[  482.232604] EtherCAT DEBUG 0: ecrt_master_sdo_download(master = 0x00000000a5bc56b8, slave_position = 0, index = 0x1A01, subindex = 0x00, data = 0x000000007544ed02, data_size = 1, abort_code = 0x00000000180fac70)
[  482.232605] EtherCAT DEBUG 0-0: Scheduling SDO download request.
[  482.240597] EtherCAT DEBUG 0-0: Processing SDO request...
[  482.240597] EtherCAT DEBUG 0-0: Downloading SDO 0x1A01:00.
[  482.240598] EtherCAT DEBUG: 00 
[  482.240598] EtherCAT DEBUG 0-0: Expedited download request:
[  482.240599] EtherCAT DEBUG: 00 20 2F 01 1A 00 00 00 00 00 
[  482.272596] EtherCAT DEBUG 0-0: Download response:
[  482.272596] EtherCAT DEBUG: 00 30 60 01 1A 00 00 00 00 00 
[  482.272599] EtherCAT DEBUG 0-0: Finished SDO request.
[  482.272603] EtherCAT DEBUG 0 0:0: ecrt_slave_config_sdo(sc = 0x000000006e92d9ad, index = 0x1A01, subindex = 0x00, data = 0x000000007ce72520, size = 1)
[  482.272607] EtherCAT DEBUG 0: ecrt_master_sdo_download(master = 0x00000000a5bc56b8, slave_position = 0, index = 0x1A02, subindex = 0x00, data = 0x000000007ce72520, data_size = 1, abort_code = 0x00000000f7ef7769)
[  482.272609] EtherCAT DEBUG 0-0: Scheduling SDO download request.
[  482.280597] EtherCAT DEBUG 0-0: Processing SDO request...
[  482.280597] EtherCAT DEBUG 0-0: Downloading SDO 0x1A02:00.
[  482.280597] EtherCAT DEBUG: 00 
[  482.280598] EtherCAT DEBUG 0-0: Expedited download request:
[  482.280598] EtherCAT DEBUG: 00 20 2F 02 1A 00 00 00 00 00 
[  482.312594] EtherCAT DEBUG 0-0: Download response:
[  482.312595] EtherCAT DEBUG: 00 30 60 02 1A 00 00 00 00 00 
[  482.312596] EtherCAT DEBUG 0-0: Finished SDO request.
[  482.312599] EtherCAT DEBUG 0 0:0: ecrt_slave_config_sdo(sc = 0x000000006e92d9ad, index = 0x1A02, subindex = 0x00, data = 0x000000007ce72520, size = 1)
[  482.312601] EtherCAT DEBUG 0: ecrt_master_sdo_download(master = 0x00000000a5bc56b8, slave_position = 0, index = 0x1A03, subindex = 0x00, data = 0x000000007ce72520, data_size = 1, abort_code = 0x00000000452c67b4)
[  482.312602] EtherCAT DEBUG 0-0: Scheduling SDO download request.
[  482.320595] EtherCAT DEBUG 0-0: Processing SDO request...
[  482.320595] EtherCAT DEBUG 0-0: Downloading SDO 0x1A03:00.
[  482.320596] EtherCAT DEBUG: 00 
[  482.320596] EtherCAT DEBUG 0-0: Expedited download request:
[  482.320597] EtherCAT DEBUG: 00 20 2F 03 1A 00 00 00 00 00 
[  482.356593] EtherCAT DEBUG 0-0: Download response:
[  482.356593] EtherCAT DEBUG: 00 30 60 03 1A 00 00 00 00 00 
[  482.356595] EtherCAT DEBUG 0-0: Finished SDO request.
[  482.356600] EtherCAT DEBUG 0 0:0: ecrt_slave_config_sdo(sc = 0x000000006e92d9ad, index = 0x1A03, subindex = 0x00, data = 0x0000000031855da6, size = 1)
[  482.356603] EtherCAT DEBUG 0: ecrt_master_sdo_download(master = 0x00000000a5bc56b8, slave_position = 0, index = 0x1600, subindex = 0x00, data = 0x0000000031855da6, data_size = 1, abort_code = 0x000000002e079a02)
[  482.356605] EtherCAT DEBUG 0-0: Scheduling SDO download request.
[  482.364596] EtherCAT DEBUG 0-0: Processing SDO request...
[  482.364597] EtherCAT DEBUG 0-0: Downloading SDO 0x1600:00.
[  482.364597] EtherCAT DEBUG: 00 
[  482.364598] EtherCAT DEBUG 0-0: Expedited download request:
[  482.364598] EtherCAT DEBUG: 00 20 2F 00 16 00 00 00 00 00 
[  482.392593] EtherCAT DEBUG 0-0: Download response:
[  482.392593] EtherCAT DEBUG: 00 30 60 00 16 00 00 00 00 00 
[  482.392595] EtherCAT DEBUG 0-0: Finished SDO request.
[  482.392598] EtherCAT DEBUG 0 0:0: ecrt_slave_config_sdo(sc = 0x000000006e92d9ad, index = 0x1600, subindex = 0x00, data = 0x0000000031855da6, size = 1)
[  482.392601] EtherCAT DEBUG 0: ecrt_master_sdo_download(master = 0x00000000a5bc56b8, slave_position = 0, index = 0x1A01, subindex = 0x02, data = 0x0000000031855da6, data_size = 4, abort_code = 0x000000002e079a02)
[  482.392602] EtherCAT DEBUG 0-0: Scheduling SDO download request.
[  482.400593] EtherCAT DEBUG 0-0: Processing SDO request...
[  482.400594] EtherCAT DEBUG 0-0: Downloading SDO 0x1A01:02.
[  482.400594] EtherCAT DEBUG: 10 01 21 30 
[  482.400595] EtherCAT DEBUG 0-0: Expedited download request:
[  482.400596] EtherCAT DEBUG: 00 20 23 01 1A 02 10 01 21 30 
[  482.428592] EtherCAT DEBUG 0-0: Download response:
[  482.428593] EtherCAT DEBUG: 00 30 60 01 1A 02 10 01 21 30 
[  482.428594] EtherCAT DEBUG 0-0: Finished SDO request.
[  482.428598] EtherCAT DEBUG 0 0:0: ecrt_slave_config_sdo(sc = 0x000000006e92d9ad, index = 0x1A01, subindex = 0x02, data = 0x0000000031855da6, size = 4)
[  482.428600] EtherCAT DEBUG 0: ecrt_master_sdo_download(master = 0x00000000a5bc56b8, slave_position = 0, index = 0x1A01, subindex = 0x03, data = 0x0000000031855da6, data_size = 4, abort_code = 0x000000003986766b)
[  482.428601] EtherCAT DEBUG 0-0: Scheduling SDO download request.
[  482.440592] EtherCAT DEBUG 0-0: Processing SDO request...
[  482.440593] EtherCAT DEBUG 0-0: Downloading SDO 0x1A01:03.
[  482.440593] EtherCAT DEBUG: 10 0F 22 30 
[  482.440594] EtherCAT DEBUG 0-0: Expedited download request:
[  482.440594] EtherCAT DEBUG: 00 20 23 01 1A 03 10 0F 22 30 
[  482.468592] EtherCAT DEBUG 0-0: Download response:
[  482.468592] EtherCAT DEBUG: 00 30 60 01 1A 03 10 0F 22 30 
[  482.468594] EtherCAT DEBUG 0-0: Finished SDO request.
[  482.468598] EtherCAT DEBUG 0 0:0: ecrt_slave_config_sdo(sc = 0x000000006e92d9ad, index = 0x1A01, subindex = 0x03, data = 0x0000000031855da6, size = 4)
[  482.468599] EtherCAT DEBUG 0: ecrt_master_sdo_download(master = 0x00000000a5bc56b8, slave_position = 0, index = 0x1A01, subindex = 0x00, data = 0x0000000031855da6, data_size = 1, abort_code = 0x00000000614ed052)
[  482.468600] EtherCAT DEBUG 0-0: Scheduling SDO download request.
[  482.476591] EtherCAT DEBUG 0-0: Processing SDO request...
[  482.476591] EtherCAT DEBUG 0-0: Downloading SDO 0x1A01:00.
[  482.476592] EtherCAT DEBUG: 03 
[  482.476592] EtherCAT DEBUG 0-0: Expedited download request:
[  482.476592] EtherCAT DEBUG: 00 20 2F 01 1A 00 03 00 00 00 
[  482.504592] EtherCAT DEBUG 0-0: Download response:
[  482.504592] EtherCAT DEBUG: 00 30 60 01 1A 00 03 00 00 00 
[  482.504594] EtherCAT DEBUG 0-0: Finished SDO request.
[  482.504597] EtherCAT DEBUG 0 0:0: ecrt_slave_config_sdo(sc = 0x000000006e92d9ad, index = 0x1A01, subindex = 0x00, data = 0x0000000031855da6, size = 1)
[  482.504599] EtherCAT DEBUG 0: ecrt_master_sdo_download(master = 0x00000000a5bc56b8, slave_position = 0, index = 0x1600, subindex = 0x01, data = 0x0000000031855da6, data_size = 4, abort_code = 0x00000000452c67b4)
[  482.504600] EtherCAT DEBUG 0-0: Scheduling SDO download request.
[  482.516590] EtherCAT DEBUG 0-0: Processing SDO request...
[  482.516590] EtherCAT DEBUG 0-0: Downloading SDO 0x1600:01.
[  482.516591] EtherCAT DEBUG: 10 00 40 60 
[  482.516592] EtherCAT DEBUG 0-0: Expedited download request:
[  482.516592] EtherCAT DEBUG: 00 20 23 00 16 01 10 00 40 60 
[  482.548589] EtherCAT DEBUG 0-0: Download response:
[  482.548590] EtherCAT DEBUG: 00 30 60 00 16 01 10 00 40 60 
[  482.548592] EtherCAT DEBUG 0-0: Finished SDO request.
[  482.548595] EtherCAT DEBUG 0 0:0: ecrt_slave_config_sdo(sc = 0x000000006e92d9ad, index = 0x1600, subindex = 0x01, data = 0x0000000031855da6, size = 4)
[  482.548598] EtherCAT DEBUG 0: ecrt_master_sdo_download(master = 0x00000000a5bc56b8, slave_position = 0, index = 0x1600, subindex = 0x02, data = 0x0000000031855da6, data_size = 4, abort_code = 0x00000000ae5be574)
[  482.548599] EtherCAT DEBUG 0-0: Scheduling SDO download request.
[  482.556589] EtherCAT DEBUG 0-0: Processing SDO request...
[  482.556589] EtherCAT DEBUG 0-0: Downloading SDO 0x1600:02.
[  482.556590] EtherCAT DEBUG: 10 00 42 60 
[  482.556591] EtherCAT DEBUG 0-0: Expedited download request:
[  482.556591] EtherCAT DEBUG: 00 20 23 00 16 02 10 00 42 60 
[  482.580590] EtherCAT DEBUG 0-0: Download response:
[  482.580591] EtherCAT DEBUG: 00 30 60 00 16 02 10 00 42 60 
[  482.580593] EtherCAT DEBUG 0-0: Finished SDO request.
[  482.580596] EtherCAT DEBUG 0 0:0: ecrt_slave_config_sdo(sc = 0x000000006e92d9ad, index = 0x1600, subindex = 0x02, data = 0x0000000031855da6, size = 4)
[  482.580598] EtherCAT DEBUG 0: ecrt_master_sdo_download(master = 0x00000000a5bc56b8, slave_position = 0, index = 0x1600, subindex = 0x03, data = 0x0000000031855da6, data_size = 4, abort_code = 0x000000009cbb30a9)
[  482.580599] EtherCAT DEBUG 0-0: Scheduling SDO download request.
[  482.588589] EtherCAT DEBUG 0-0: Processing SDO request...
[  482.588590] EtherCAT DEBUG 0-0: Downloading SDO 0x1600:03.
[  482.588590] EtherCAT DEBUG: 08 00 60 60 
[  482.588592] EtherCAT DEBUG 0-0: Expedited download request:
[  482.588592] EtherCAT DEBUG: 00 20 23 00 16 03 08 00 60 60 
[  482.612923] EtherCAT DEBUG 0-0: Download response:
[  482.612925] EtherCAT DEBUG: 00 30 60 00 16 03 08 00 60 60 
[  482.612927] EtherCAT DEBUG 0-0: Finished SDO request.
[  482.612939] EtherCAT DEBUG 0 0:0: ecrt_slave_config_sdo(sc = 0x000000006e92d9ad, index = 0x1600, subindex = 0x03, data = 0x0000000031855da6, size = 4)
[  482.612943] EtherCAT DEBUG 0: ecrt_master_sdo_download(master = 0x00000000a5bc56b8, slave_position = 0, index = 0x1600, subindex = 0x04, data = 0x0000000031855da6, data_size = 4, abort_code = 0x00000000f791a49b)
[  482.612944] EtherCAT DEBUG 0-0: Scheduling SDO download request.
[  482.620594] EtherCAT DEBUG 0-0: Processing SDO request...
[  482.620595] EtherCAT DEBUG 0-0: Downloading SDO 0x1600:04.
[  482.620596] EtherCAT DEBUG: 08 00 00 00 
[  482.620598] EtherCAT DEBUG 0-0: Expedited download request:
[  482.620598] EtherCAT DEBUG: 00 20 23 00 16 04 08 00 00 00 
[  482.644589] EtherCAT DEBUG 0-0: Download response:
[  482.644590] EtherCAT DEBUG: 00 30 60 00 16 04 08 00 00 00 
[  482.644593] EtherCAT DEBUG 0-0: Finished SDO request.
[  482.644598] EtherCAT DEBUG 0 0:0: ecrt_slave_config_sdo(sc = 0x000000006e92d9ad, index = 0x1600, subindex = 0x04, data = 0x0000000031855da6, size = 4)
[  482.644601] EtherCAT DEBUG 0: ecrt_master_sdo_download(master = 0x00000000a5bc56b8, slave_position = 0, index = 0x1600, subindex = 0x00, data = 0x0000000031855da6, data_size = 1, abort_code = 0x00000000ae73d496)
[  482.644603] EtherCAT DEBUG 0-0: Scheduling SDO download request.
[  482.652596] EtherCAT DEBUG 0-0: Processing SDO request...
[  482.652597] EtherCAT DEBUG 0-0: Downloading SDO 0x1600:00.
[  482.652598] EtherCAT DEBUG: 04 
[  482.652599] EtherCAT DEBUG 0-0: Expedited download request:
[  482.652599] EtherCAT DEBUG: 00 20 2F 00 16 00 04 00 00 00 
[  482.680590] EtherCAT DEBUG 0-0: Download response:
[  482.680590] EtherCAT DEBUG: 00 30 60 00 16 00 04 00 00 00 
[  482.680592] EtherCAT DEBUG 0-0: Finished SDO request.
[  482.680595] EtherCAT DEBUG 0 0:0: ecrt_slave_config_sdo(sc = 0x000000006e92d9ad, index = 0x1600, subindex = 0x00, data = 0x0000000031855da6, size = 1)
[  482.680597] EtherCAT DEBUG 0: ecrt_master_sdo_download(master = 0x00000000a5bc56b8, slave_position = 0, index = 0x1601, subindex = 0x00, data = 0x0000000031855da6, data_size = 1, abort_code = 0x000000004597da47)
[  482.680598] EtherCAT DEBUG 0-0: Scheduling SDO download request.
[  482.688590] EtherCAT DEBUG 0-0: Processing SDO request...
[  482.688591] EtherCAT DEBUG 0-0: Downloading SDO 0x1601:00.
[  482.688592] EtherCAT DEBUG: 00 
[  482.688592] EtherCAT DEBUG 0-0: Expedited download request:
[  482.688593] EtherCAT DEBUG: 00 20 2F 01 16 00 00 00 00 00 
[  482.712587] EtherCAT DEBUG 0-0: Download response:
[  482.712588] EtherCAT DEBUG: 00 30 60 01 16 00 00 00 00 00 
[  482.712590] EtherCAT DEBUG 0-0: Finished SDO request.
[  482.712595] EtherCAT DEBUG 0 0:0: ecrt_slave_config_sdo(sc = 0x000000006e92d9ad, index = 0x1601, subindex = 0x00, data = 0x0000000031855da6, size = 1)
[  482.712597] EtherCAT DEBUG 0: ecrt_master_sdo_download(master = 0x00000000a5bc56b8, slave_position = 0, index = 0x1602, subindex = 0x00, data = 0x0000000031855da6, data_size = 1, abort_code = 0x0000000067d8dbb6)
[  482.712598] EtherCAT DEBUG 0-0: Scheduling SDO download request.
[  482.720589] EtherCAT DEBUG 0-0: Processing SDO request...
[  482.720589] EtherCAT DEBUG 0-0: Downloading SDO 0x1602:00.
[  482.720590] EtherCAT DEBUG: 00 
[  482.720590] EtherCAT DEBUG 0-0: Expedited download request:
[  482.720591] EtherCAT DEBUG: 00 20 2F 02 16 00 00 00 00 00 
[  482.748586] EtherCAT DEBUG 0-0: Download response:
[  482.748587] EtherCAT DEBUG: 00 30 60 02 16 00 00 00 00 00 
[  482.748589] EtherCAT DEBUG 0-0: Finished SDO request.
[  482.748594] EtherCAT DEBUG 0 0:0: ecrt_slave_config_sdo(sc = 0x000000006e92d9ad, index = 0x1602, subindex = 0x00, data = 0x000000000e36d371, size = 1)
[  482.748598] EtherCAT DEBUG 0: ecrt_master_sdo_download(master = 0x00000000a5bc56b8, slave_position = 0, index = 0x1603, subindex = 0x00, data = 0x000000000e36d371, data_size = 1, abort_code = 0x0000000086bc7ddc)
[  482.748600] EtherCAT DEBUG 0-0: Scheduling SDO download request.
[  482.756588] EtherCAT DEBUG 0-0: Processing SDO request...
[  482.756589] EtherCAT DEBUG 0-0: Downloading SDO 0x1603:00.
[  482.756589] EtherCAT DEBUG: 00 
[  482.756590] EtherCAT DEBUG 0-0: Expedited download request:
[  482.756590] EtherCAT DEBUG: 00 20 2F 03 16 00 00 00 00 00 
[  482.784586] EtherCAT DEBUG 0-0: Download response:
[  482.784587] EtherCAT DEBUG: 00 30 60 03 16 00 00 00 00 00 
[  482.784590] EtherCAT DEBUG 0-0: Finished SDO request.
[  482.784598] EtherCAT DEBUG 0 0:0: ecrt_slave_config_sdo(sc = 0x000000006e92d9ad, index = 0x1603, subindex = 0x00, data = 0x000000000e36d371, size = 1)
[  482.784601] EtherCAT DEBUG 0: ecrt_master_sdo_download(master = 0x00000000a5bc56b8, slave_position = 0, index = 0x1601, subindex = 0x01, data = 0x000000000e36d371, data_size = 4, abort_code = 0x0000000067d8dbb6)
[  482.784603] EtherCAT DEBUG 0-0: Scheduling SDO download request.
[  482.792593] EtherCAT DEBUG 0-0: Processing SDO request...
[  482.792595] EtherCAT DEBUG 0-0: Downloading SDO 0x1601:01.
[  482.792596] EtherCAT DEBUG: 20 00 50 60 
[  482.792597] EtherCAT DEBUG 0-0: Expedited download request:
[  482.792598] EtherCAT DEBUG: 00 20 23 01 16 01 20 00 50 60 
[  482.816588] EtherCAT DEBUG 0-0: Download response:
[  482.816590] EtherCAT DEBUG: 00 30 60 01 16 01 20 00 50 60 
[  482.816592] EtherCAT DEBUG 0-0: Finished SDO request.
[  482.816599] EtherCAT DEBUG 0 0:0: ecrt_slave_config_sdo(sc = 0x000000006e92d9ad, index = 0x1601, subindex = 0x01, data = 0x000000007d8107b6, size = 4)
[  482.816605] EtherCAT DEBUG 0: ecrt_master_sdo_download(master = 0x00000000a5bc56b8, slave_position = 0, index = 0x1601, subindex = 0x02, data = 0x000000007d8107b6, data_size = 4, abort_code = 0x0000000099f57c6d)
[  482.816606] EtherCAT DEBUG 0-0: Scheduling SDO download request.
[  482.824587] EtherCAT DEBUG 0-0: Processing SDO request...
[  482.824588] EtherCAT DEBUG 0-0: Downloading SDO 0x1601:02.
[  482.824589] EtherCAT DEBUG: 20 00 4F 60 
[  482.824591] EtherCAT DEBUG 0-0: Expedited download request:
[  482.824591] EtherCAT DEBUG: 00 20 23 01 16 02 20 00 4F 60 
[  482.852590] EtherCAT DEBUG 0-0: Download response:
[  482.852591] EtherCAT DEBUG: 00 30 60 01 16 02 20 00 4F 60 
[  482.852594] EtherCAT DEBUG 0-0: Finished SDO request.
[  482.852602] EtherCAT DEBUG 0 0:0: ecrt_slave_config_sdo(sc = 0x000000006e92d9ad, index = 0x1601, subindex = 0x02, data = 0x000000007d8107b6, size = 4)
[  482.852606] EtherCAT DEBUG 0: ecrt_master_sdo_download(master = 0x00000000a5bc56b8, slave_position = 0, index = 0x1601, subindex = 0x00, data = 0x000000007d8107b6, data_size = 1, abort_code = 0x00000000614ed052)
[  482.852608] EtherCAT DEBUG 0-0: Scheduling SDO download request.
[  482.860587] EtherCAT DEBUG 0-0: Processing SDO request...
[  482.860588] EtherCAT DEBUG 0-0: Downloading SDO 0x1601:00.
[  482.860589] EtherCAT DEBUG: 02 
[  482.860590] EtherCAT DEBUG 0-0: Expedited download request:
[  482.860590] EtherCAT DEBUG: 00 20 2F 01 16 00 02 00 00 00 
[  482.884588] EtherCAT DEBUG 0-0: Download response:
[  482.884590] EtherCAT DEBUG: 00 30 60 01 16 00 02 00 00 00 
[  482.884592] EtherCAT DEBUG 0-0: Finished SDO request.
[  482.884599] EtherCAT DEBUG 0 0:0: ecrt_slave_config_sdo(sc = 0x000000006e92d9ad, index = 0x1601, subindex = 0x00, data = 0x000000007d8107b6, size = 1)
[  482.884604] EtherCAT DEBUG 0: ecrt_master_sdo_download(master = 0x00000000a5bc56b8, slave_position = 0, index = 0x1C12, subindex = 0x01, data = 0x000000007d8107b6, data_size = 2, abort_code = 0x00000000465419ae)
[  482.884606] EtherCAT DEBUG 0-0: Scheduling SDO download request.
[  482.892586] EtherCAT DEBUG 0-0: Processing SDO request...
[  482.892587] EtherCAT DEBUG 0-0: Downloading SDO 0x1C12:01.
[  482.892588] EtherCAT DEBUG: 00 16 
[  482.892589] EtherCAT DEBUG 0-0: Expedited download request:
[  482.892590] EtherCAT DEBUG: 00 20 2B 12 1C 01 00 16 00 00 
[  482.916593] EtherCAT DEBUG 0-0: Download response:
[  482.916596] EtherCAT DEBUG: 00 30 60 12 1C 01 00 16 00 00 
[  482.916598] EtherCAT DEBUG 0-0: Finished SDO request.
[  482.916608] EtherCAT DEBUG 0 0:0: ecrt_slave_config_sdo(sc = 0x000000006e92d9ad, index = 0x1C12, subindex = 0x01, data = 0x000000004c1c7a84, size = 2)
[  482.916613] EtherCAT DEBUG 0: ecrt_master_sdo_download(master = 0x00000000a5bc56b8, slave_position = 0, index = 0x1C12, subindex = 0x02, data = 0x000000004c1c7a84, data_size = 2, abort_code = 0x0000000020417d67)
[  482.916615] EtherCAT DEBUG 0-0: Scheduling SDO download request.
[  482.924588] EtherCAT DEBUG 0-0: Processing SDO request...
[  482.924589] EtherCAT DEBUG 0-0: Downloading SDO 0x1C12:02.
[  482.924590] EtherCAT DEBUG: 01 16 
[  482.924591] EtherCAT DEBUG 0-0: Expedited download request:
[  482.924592] EtherCAT DEBUG: 00 20 2B 12 1C 02 01 16 00 00 
[  482.952595] EtherCAT DEBUG 0-0: Download response:
[  482.952597] EtherCAT DEBUG: 00 30 60 12 1C 02 01 16 00 00 
[  482.952600] EtherCAT DEBUG 0-0: Finished SDO request.
[  482.952608] EtherCAT DEBUG 0 0:0: ecrt_slave_config_sdo(sc = 0x000000006e92d9ad, index = 0x1C12, subindex = 0x02, data = 0x0000000087106eb8, size = 2)
[  482.952614] EtherCAT DEBUG 0: ecrt_master_sdo_download(master = 0x00000000a5bc56b8, slave_position = 0, index = 0x1C12, subindex = 0x00, data = 0x0000000087106eb8, data_size = 1, abort_code = 0x000000002e079a02)
[  482.952616] EtherCAT DEBUG 0-0: Scheduling SDO download request.
[  482.960585] EtherCAT DEBUG 0-0: Processing SDO request...
[  482.960586] EtherCAT DEBUG 0-0: Downloading SDO 0x1C12:00.
[  482.960587] EtherCAT DEBUG: 02 
[  482.960588] EtherCAT DEBUG 0-0: Expedited download request:
[  482.960589] EtherCAT DEBUG: 00 20 2F 12 1C 00 02 00 00 00 
[  482.988585] EtherCAT DEBUG 0-0: Download response:
[  482.988586] EtherCAT DEBUG: 00 30 60 12 1C 00 02 00 00 00 
[  482.988588] EtherCAT DEBUG 0-0: Finished SDO request.
[  482.988594] EtherCAT DEBUG 0 0:0: ecrt_slave_config_sdo(sc = 0x000000006e92d9ad, index = 0x1C12, subindex = 0x00, data = 0x000000001e4b96f0, size = 1)
[  482.988598] EtherCAT DEBUG 0: ecrt_master_sdo_download(master = 0x00000000a5bc56b8, slave_position = 0, index = 0x1C13, subindex = 0x01, data = 0x000000001e4b96f0, data_size = 2, abort_code = 0x0000000099f57c6d)
[  482.988600] EtherCAT DEBUG 0-0: Scheduling SDO download request.
[  482.996586] EtherCAT DEBUG 0-0: Processing SDO request...
[  482.996587] EtherCAT DEBUG 0-0: Downloading SDO 0x1C13:01.
[  482.996587] EtherCAT DEBUG: 00 1A 
[  482.996588] EtherCAT DEBUG 0-0: Expedited download request:
[  482.996589] EtherCAT DEBUG: 00 20 2B 13 1C 01 00 1A 00 00 
[  483.020586] EtherCAT DEBUG 0-0: Download response:
[  483.020587] EtherCAT DEBUG: 00 30 60 13 1C 01 00 1A 00 00 
[  483.020589] EtherCAT DEBUG 0-0: Finished SDO request.
[  483.020593] EtherCAT DEBUG 0 0:0: ecrt_slave_config_sdo(sc = 0x000000006e92d9ad, index = 0x1C13, subindex = 0x01, data = 0x000000001e4b96f0, size = 2)
[  483.020596] EtherCAT DEBUG 0: ecrt_master_sdo_download(master = 0x00000000a5bc56b8, slave_position = 0, index = 0x1C13, subindex = 0x02, data = 0x000000001e4b96f0, data_size = 2, abort_code = 0x0000000055f1a96a)
[  483.020598] EtherCAT DEBUG 0-0: Scheduling SDO download request.
[  483.028582] EtherCAT DEBUG 0-0: Processing SDO request...
[  483.028583] EtherCAT DEBUG 0-0: Downloading SDO 0x1C13:02.
[  483.028583] EtherCAT DEBUG: 01 1A 
[  483.028584] EtherCAT DEBUG 0-0: Expedited download request:
[  483.028584] EtherCAT DEBUG: 00 20 2B 13 1C 02 01 1A 00 00 
[  483.056584] EtherCAT DEBUG 0-0: Download response:
[  483.056586] EtherCAT DEBUG: 00 30 60 13 1C 02 01 1A 00 00 
[  483.056589] EtherCAT DEBUG 0-0: Finished SDO request.
[  483.056595] EtherCAT DEBUG 0 0:0: ecrt_slave_config_sdo(sc = 0x000000006e92d9ad, index = 0x1C13, subindex = 0x02, data = 0x000000001e4b96f0, size = 2)
[  483.056600] EtherCAT DEBUG 0: ecrt_master_sdo_download(master = 0x00000000a5bc56b8, slave_position = 0, index = 0x1C13, subindex = 0x00, data = 0x000000001e4b96f0, data_size = 1, abort_code = 0x000000002bf81aa7)
[  483.056602] EtherCAT DEBUG 0-0: Scheduling SDO download request.
[  483.064581] EtherCAT DEBUG 0-0: Processing SDO request...
[  483.064582] EtherCAT DEBUG 0-0: Downloading SDO 0x1C13:00.
[  483.064583] EtherCAT DEBUG: 02 
[  483.064584] EtherCAT DEBUG 0-0: Expedited download request:
[  483.064584] EtherCAT DEBUG: 00 20 2F 13 1C 00 02 00 00 00 
[  483.092582] EtherCAT DEBUG 0-0: Download response:
[  483.092583] EtherCAT DEBUG: 00 30 60 13 1C 00 02 00 00 00 
[  483.092585] EtherCAT DEBUG 0-0: Finished SDO request.
[  483.092590] EtherCAT DEBUG 0 0:0: ecrt_slave_config_sdo(sc = 0x000000006e92d9ad, index = 0x1C13, subindex = 0x00, data = 0x00000000a2e63723, size = 1)
[  483.092679] EtherCAT DEBUG 0 0:0: ecrt_slave_config_sync_manager(sc = 0x000000006e92d9ad, sync_index = 0, dir = 1, watchdog_mode = 0)
[  483.092680] EtherCAT DEBUG 0 0:0: ecrt_slave_config_pdo_assign_clear(sc = 0x000000006e92d9ad, sync_index = 0)
[  483.092681] EtherCAT DEBUG 0 0:0: ecrt_slave_config_sync_manager(sc = 0x000000006e92d9ad, sync_index = 1, dir = 2, watchdog_mode = 0)
[  483.092682] EtherCAT DEBUG 0 0:0: ecrt_slave_config_pdo_assign_clear(sc = 0x000000006e92d9ad, sync_index = 1)
[  483.092683] EtherCAT DEBUG 0 0:0: ecrt_slave_config_sync_manager(sc = 0x000000006e92d9ad, sync_index = 2, dir = 1, watchdog_mode = 0)
[  483.092684] EtherCAT DEBUG 0 0:0: ecrt_slave_config_pdo_assign_clear(sc = 0x000000006e92d9ad, sync_index = 2)
[  483.092685] EtherCAT DEBUG 0 0:0: ecrt_slave_config_pdo_assign_add(sc = 0x000000006e92d9ad, sync_index = 2, pdo_index = 0x1600)
[  483.092686] EtherCAT DEBUG 0 0:0: Loading default mapping for PDO 0x1600.
[  483.092686] EtherCAT DEBUG 0 0:0: No default mapping found.
[  483.092687] EtherCAT DEBUG 0 0:0: ecrt_slave_config_pdo_mapping_clear(sc = 0x000000006e92d9ad, pdo_index = 0x1600)
[  483.092687] EtherCAT DEBUG 0 0:0: ecrt_slave_config_pdo_mapping_add(sc = 0x000000006e92d9ad, pdo_index = 0x1600, entry_index = 0x6040, entry_subindex = 0x00, entry_bit_length = 16)
[  483.092689] EtherCAT DEBUG 0 0:0: ecrt_slave_config_pdo_mapping_add(sc = 0x000000006e92d9ad, pdo_index = 0x1600, entry_index = 0x6042, entry_subindex = 0x00, entry_bit_length = 16)
[  483.092690] EtherCAT DEBUG 0 0:0: ecrt_slave_config_pdo_mapping_add(sc = 0x000000006e92d9ad, pdo_index = 0x1600, entry_index = 0x6060, entry_subindex = 0x00, entry_bit_length = 8)
[  483.092691] EtherCAT DEBUG 0 0:0: ecrt_slave_config_pdo_mapping_add(sc = 0x000000006e92d9ad, pdo_index = 0x1600, entry_index = 0x0000, entry_subindex = 0x00, entry_bit_length = 8)
[  483.092692] EtherCAT DEBUG 0 0:0: ecrt_slave_config_pdo_assign_add(sc = 0x000000006e92d9ad, sync_index = 2, pdo_index = 0x1601)
[  483.092693] EtherCAT DEBUG 0 0:0: Loading default mapping for PDO 0x1601.
[  483.092694] EtherCAT DEBUG 0 0:0: No default mapping found.
[  483.092694] EtherCAT DEBUG 0 0:0: ecrt_slave_config_pdo_mapping_clear(sc = 0x000000006e92d9ad, pdo_index = 0x1601)
[  483.092695] EtherCAT DEBUG 0 0:0: ecrt_slave_config_pdo_mapping_add(sc = 0x000000006e92d9ad, pdo_index = 0x1601, entry_index = 0x6050, entry_subindex = 0x00, entry_bit_length = 32)
[  483.092696] EtherCAT DEBUG 0 0:0: ecrt_slave_config_pdo_mapping_add(sc = 0x000000006e92d9ad, pdo_index = 0x1601, entry_index = 0x604F, entry_subindex = 0x00, entry_bit_length = 32)
[  483.092697] EtherCAT DEBUG 0 0:0: ecrt_slave_config_sync_manager(sc = 0x000000006e92d9ad, sync_index = 3, dir = 2, watchdog_mode = 0)
[  483.092698] EtherCAT DEBUG 0 0:0: ecrt_slave_config_pdo_assign_clear(sc = 0x000000006e92d9ad, sync_index = 3)
[  483.092698] EtherCAT DEBUG 0 0:0: ecrt_slave_config_pdo_assign_add(sc = 0x000000006e92d9ad, sync_index = 3, pdo_index = 0x1A00)
[  483.092699] EtherCAT DEBUG 0 0:0: Loading default mapping for PDO 0x1A00.
[  483.092700] EtherCAT DEBUG 0 0:0: No default mapping found.
[  483.092700] EtherCAT DEBUG 0 0:0: ecrt_slave_config_pdo_mapping_clear(sc = 0x000000006e92d9ad, pdo_index = 0x1A00)
[  483.092701] EtherCAT DEBUG 0 0:0: ecrt_slave_config_pdo_mapping_add(sc = 0x000000006e92d9ad, pdo_index = 0x1A00, entry_index = 0x6041, entry_subindex = 0x00, entry_bit_length = 16)
[  483.092702] EtherCAT DEBUG 0 0:0: ecrt_slave_config_pdo_mapping_add(sc = 0x000000006e92d9ad, pdo_index = 0x1A00, entry_index = 0x6043, entry_subindex = 0x00, entry_bit_length = 16)
[  483.092703] EtherCAT DEBUG 0 0:0: ecrt_slave_config_pdo_mapping_add(sc = 0x000000006e92d9ad, pdo_index = 0x1A00, entry_index = 0x6061, entry_subindex = 0x00, entry_bit_length = 8)
[  483.092704] EtherCAT DEBUG 0 0:0: ecrt_slave_config_pdo_mapping_add(sc = 0x000000006e92d9ad, pdo_index = 0x1A00, entry_index = 0x0000, entry_subindex = 0x00, entry_bit_length = 8)
[  483.092705] EtherCAT DEBUG 0 0:0: ecrt_slave_config_pdo_assign_add(sc = 0x000000006e92d9ad, sync_index = 3, pdo_index = 0x1A01)
[  483.092705] EtherCAT DEBUG 0 0:0: Loading default mapping for PDO 0x1A01.
[  483.092706] EtherCAT DEBUG 0 0:0: No default mapping found.
[  483.092706] EtherCAT DEBUG 0 0:0: ecrt_slave_config_pdo_mapping_clear(sc = 0x000000006e92d9ad, pdo_index = 0x1A01)
[  483.092707] EtherCAT DEBUG 0 0:0: ecrt_slave_config_pdo_mapping_add(sc = 0x000000006e92d9ad, pdo_index = 0x1A01, entry_index = 0x3021, entry_subindex = 0x05, entry_bit_length = 16)
[  483.092708] EtherCAT DEBUG 0 0:0: ecrt_slave_config_pdo_mapping_add(sc = 0x000000006e92d9ad, pdo_index = 0x1A01, entry_index = 0x3021, entry_subindex = 0x01, entry_bit_length = 16)
[  483.092709] EtherCAT DEBUG 0 0:0: ecrt_slave_config_pdo_mapping_add(sc = 0x000000006e92d9ad, pdo_index = 0x1A01, entry_index = 0x3022, entry_subindex = 0x0F, entry_bit_length = 16)
[  483.092732] EtherCAT DEBUG 0: ecrt_master_slave_config(master = 0x00000000a5bc56b8, alias = 0, position = 1, vendor_id = 0x00000002, product_code = 0x044c2c52)
[  483.092734] EtherCAT DEBUG 0: Creating slave configuration for 0:1, 0x00000002/0x044C2C52.
[  483.092735] EtherCAT DEBUG 0 0:1: Attached slave 1.
[  483.092756] EtherCAT DEBUG 0: ecrt_master_slave_config(master = 0x00000000a5bc56b8, alias = 0, position = 2, vendor_id = 0x00000002, product_code = 0x04503052)
[  483.092757] EtherCAT DEBUG 0: Creating slave configuration for 0:2, 0x00000002/0x04503052.
[  483.092757] EtherCAT DEBUG 0 0:2: Attached slave 2.
[  483.092813] EtherCAT DEBUG 0: ecrt_master_slave_config(master = 0x00000000a5bc56b8, alias = 0, position = 3, vendor_id = 0x00000002, product_code = 0x0a403052)
[  483.092814] EtherCAT DEBUG 0: Creating slave configuration for 0:3, 0x00000002/0x0A403052.
[  483.092815] EtherCAT DEBUG 0 0:3: Attached slave 3.
[  483.092858] EtherCAT DEBUG 0: ecrt_master_slave_config(master = 0x00000000a5bc56b8, alias = 0, position = 4, vendor_id = 0x00000002, product_code = 0x03fa4052)
[  483.092859] EtherCAT DEBUG 0: Creating slave configuration for 0:4, 0x00000002/0x03FA4052.
[  483.092860] EtherCAT DEBUG 0 0:4: Attached slave 4.
[  483.092940] EtherCAT DEBUG 0: ecrt_master_slave_config(master = 0x00000000a5bc56b8, alias = 0, position = 0, vendor_id = 0x000001dd, product_code = 0x10400200)
[  483.092941] EtherCAT DEBUG 0 0:0: ecrt_slave_config_reg_pdo_entry(sc = 0x000000006e92d9ad, index = 0x6041, subindex = 0x00, domain = 0x000000006b07803d, bit_position = 0x00000000ec274c8e)
[  483.092943] EtherCAT DEBUG 0: Domain 0: Added 12 bytes at 0.
[  483.092944] EtherCAT DEBUG 0: ecrt_master_slave_config(master = 0x00000000a5bc56b8, alias = 0, position = 0, vendor_id = 0x000001dd, product_code = 0x10400200)
[  483.092945] EtherCAT DEBUG 0 0:0: ecrt_slave_config_reg_pdo_entry(sc = 0x000000006e92d9ad, index = 0x6043, subindex = 0x00, domain = 0x000000006b07803d, bit_position = 0x0000000092bfcc77)
[  483.092946] EtherCAT DEBUG 0: ecrt_master_slave_config(master = 0x00000000a5bc56b8, alias = 0, position = 0, vendor_id = 0x000001dd, product_code = 0x10400200)
[  483.092947] EtherCAT DEBUG 0 0:0: ecrt_slave_config_reg_pdo_entry(sc = 0x000000006e92d9ad, index = 0x6061, subindex = 0x00, domain = 0x000000006b07803d, bit_position = 0x000000002afdc5d5)
[  483.092948] EtherCAT DEBUG 0: ecrt_master_slave_config(master = 0x00000000a5bc56b8, alias = 0, position = 0, vendor_id = 0x000001dd, product_code = 0x10400200)
[  483.092949] EtherCAT DEBUG 0 0:0: ecrt_slave_config_reg_pdo_entry(sc = 0x000000006e92d9ad, index = 0x3021, subindex = 0x05, domain = 0x000000006b07803d, bit_position = 0x00000000a3e27d6c)
[  483.092950] EtherCAT DEBUG 0: ecrt_master_slave_config(master = 0x00000000a5bc56b8, alias = 0, position = 0, vendor_id = 0x000001dd, product_code = 0x10400200)
[  483.092951] EtherCAT DEBUG 0 0:0: ecrt_slave_config_reg_pdo_entry(sc = 0x000000006e92d9ad, index = 0x3021, subindex = 0x01, domain = 0x000000006b07803d, bit_position = 0x0000000099b4ef16)
[  483.092952] EtherCAT DEBUG 0: ecrt_master_slave_config(master = 0x00000000a5bc56b8, alias = 0, position = 0, vendor_id = 0x000001dd, product_code = 0x10400200)
[  483.092953] EtherCAT DEBUG 0 0:0: ecrt_slave_config_reg_pdo_entry(sc = 0x000000006e92d9ad, index = 0x3022, subindex = 0x0F, domain = 0x000000006b07803d, bit_position = 0x0000000070142e64)
[  483.092953] EtherCAT DEBUG 0: ecrt_master_slave_config(master = 0x00000000a5bc56b8, alias = 0, position = 0, vendor_id = 0x000001dd, product_code = 0x10400200)
[  483.092954] EtherCAT DEBUG 0 0:0: ecrt_slave_config_reg_pdo_entry(sc = 0x000000006e92d9ad, index = 0x6040, subindex = 0x00, domain = 0x000000006b07803d, bit_position = 0x00000000330f0e9d)
[  483.092955] EtherCAT DEBUG 0: Domain 0: Added 14 bytes at 12.
[  483.092956] EtherCAT DEBUG 0: ecrt_master_slave_config(master = 0x00000000a5bc56b8, alias = 0, position = 0, vendor_id = 0x000001dd, product_code = 0x10400200)
[  483.092957] EtherCAT DEBUG 0 0:0: ecrt_slave_config_reg_pdo_entry(sc = 0x000000006e92d9ad, index = 0x6042, subindex = 0x00, domain = 0x000000006b07803d, bit_position = 0x00000000ef44c0fc)
[  483.092957] EtherCAT DEBUG 0: ecrt_master_slave_config(master = 0x00000000a5bc56b8, alias = 0, position = 0, vendor_id = 0x000001dd, product_code = 0x10400200)
[  483.092958] EtherCAT DEBUG 0 0:0: ecrt_slave_config_reg_pdo_entry(sc = 0x000000006e92d9ad, index = 0x6060, subindex = 0x00, domain = 0x000000006b07803d, bit_position = 0x000000004bcb47b6)
[  483.092959] EtherCAT DEBUG 0: ecrt_master_slave_config(master = 0x00000000a5bc56b8, alias = 0, position = 0, vendor_id = 0x000001dd, product_code = 0x10400200)
[  483.092960] EtherCAT DEBUG 0 0:0: ecrt_slave_config_reg_pdo_entry(sc = 0x000000006e92d9ad, index = 0x6050, subindex = 0x00, domain = 0x000000006b07803d, bit_position = 0x0000000092bfcc77)
[  483.092961] EtherCAT DEBUG 0: ecrt_master_slave_config(master = 0x00000000a5bc56b8, alias = 0, position = 0, vendor_id = 0x000001dd, product_code = 0x10400200)
[  483.092962] EtherCAT DEBUG 0 0:0: ecrt_slave_config_reg_pdo_entry(sc = 0x000000006e92d9ad, index = 0x604F, subindex = 0x00, domain = 0x000000006b07803d, bit_position = 0x00000000893fd60e)
[  483.092962] EtherCAT DEBUG 0: ecrt_master_slave_config(master = 0x00000000a5bc56b8, alias = 0, position = 2, vendor_id = 0x00000002, product_code = 0x04503052)
[  483.092963] EtherCAT DEBUG 0 0:2: ecrt_slave_config_reg_pdo_entry(sc = 0x00000000cc0b53c2, index = 0x6000, subindex = 0x01, domain = 0x000000006b07803d, bit_position = 0x00000000330f0e9d)
[  483.092964] EtherCAT DEBUG 0: Domain 0: Added 1 bytes at 26.
[  483.092965] EtherCAT DEBUG 0: ecrt_master_slave_config(master = 0x00000000a5bc56b8, alias = 0, position = 2, vendor_id = 0x00000002, product_code = 0x04503052)
[  483.092966] EtherCAT DEBUG 0 0:2: ecrt_slave_config_reg_pdo_entry(sc = 0x00000000cc0b53c2, index = 0x6010, subindex = 0x01, domain = 0x000000006b07803d, bit_position = 0x00000000e38caacc)
[  483.092967] EtherCAT DEBUG 0: ecrt_master_slave_config(master = 0x00000000a5bc56b8, alias = 0, position = 2, vendor_id = 0x00000002, product_code = 0x04503052)
[  483.092967] EtherCAT DEBUG 0 0:2: ecrt_slave_config_reg_pdo_entry(sc = 0x00000000cc0b53c2, index = 0x6020, subindex = 0x01, domain = 0x000000006b07803d, bit_position = 0x000000004bcb47b6)
[  483.092968] EtherCAT DEBUG 0: ecrt_master_slave_config(master = 0x00000000a5bc56b8, alias = 0, position = 2, vendor_id = 0x00000002, product_code = 0x04503052)
[  483.092969] EtherCAT DEBUG 0 0:2: ecrt_slave_config_reg_pdo_entry(sc = 0x00000000cc0b53c2, index = 0x6030, subindex = 0x01, domain = 0x000000006b07803d, bit_position = 0x000000000c505d3f)
[  483.092970] EtherCAT DEBUG 0: ecrt_master_slave_config(master = 0x00000000a5bc56b8, alias = 0, position = 3, vendor_id = 0x00000002, product_code = 0x0a403052)
[  483.092971] EtherCAT DEBUG 0 0:3: ecrt_slave_config_reg_pdo_entry(sc = 0x00000000467b0926, index = 0x7000, subindex = 0x01, domain = 0x000000006b07803d, bit_position = 0x0000000070142e64)
[  483.092972] EtherCAT DEBUG 0: Domain 0: Added 1 bytes at 27.
[  483.092972] EtherCAT DEBUG 0: ecrt_master_slave_config(master = 0x00000000a5bc56b8, alias = 0, position = 3, vendor_id = 0x00000002, product_code = 0x0a403052)
[  483.092973] EtherCAT DEBUG 0 0:3: ecrt_slave_config_reg_pdo_entry(sc = 0x00000000467b0926, index = 0x7010, subindex = 0x01, domain = 0x000000006b07803d, bit_position = 0x000000001ba1dfca)
[  483.092974] EtherCAT DEBUG 0: ecrt_master_slave_config(master = 0x00000000a5bc56b8, alias = 0, position = 3, vendor_id = 0x00000002, product_code = 0x0a403052)
[  483.092975] EtherCAT DEBUG 0 0:3: ecrt_slave_config_reg_pdo_entry(sc = 0x00000000467b0926, index = 0x7020, subindex = 0x01, domain = 0x000000006b07803d, bit_position = 0x000000000c505d3f)
[  483.092976] EtherCAT DEBUG 0: ecrt_master_slave_config(master = 0x00000000a5bc56b8, alias = 0, position = 3, vendor_id = 0x00000002, product_code = 0x0a403052)
[  483.092976] EtherCAT DEBUG 0 0:3: ecrt_slave_config_reg_pdo_entry(sc = 0x00000000467b0926, index = 0x7030, subindex = 0x01, domain = 0x000000006b07803d, bit_position = 0x000000000c505d3f)
[  483.092977] EtherCAT DEBUG 0: ecrt_master_slave_config(master = 0x00000000a5bc56b8, alias = 0, position = 4, vendor_id = 0x00000002, product_code = 0x03fa4052)
[  483.092978] EtherCAT DEBUG 0 0:4: ecrt_slave_config_reg_pdo_entry(sc = 0x000000003bde6880, index = 0x6000, subindex = 0x01, domain = 0x000000006b07803d, bit_position = 0x0000000020d19a3b)
[  483.092979] EtherCAT DEBUG 0: Domain 0: Added 1 bytes at 28.
[  483.092979] EtherCAT DEBUG 0: ecrt_master_slave_config(master = 0x00000000a5bc56b8, alias = 0, position = 4, vendor_id = 0x00000002, product_code = 0x03fa4052)
[  483.092980] EtherCAT DEBUG 0 0:4: ecrt_slave_config_reg_pdo_entry(sc = 0x000000003bde6880, index = 0x6010, subindex = 0x01, domain = 0x000000006b07803d, bit_position = 0x0000000099b4ef16)
[  483.092981] EtherCAT DEBUG 0: ecrt_master_slave_config(master = 0x00000000a5bc56b8, alias = 0, position = 4, vendor_id = 0x00000002, product_code = 0x03fa4052)
[  483.092982] EtherCAT DEBUG 0 0:4: ecrt_slave_config_reg_pdo_entry(sc = 0x000000003bde6880, index = 0x6020, subindex = 0x01, domain = 0x000000006b07803d, bit_position = 0x00000000330f0e9d)
[  483.092983] EtherCAT DEBUG 0: ecrt_master_slave_config(master = 0x00000000a5bc56b8, alias = 0, position = 4, vendor_id = 0x00000002, product_code = 0x03fa4052)
[  483.092984] EtherCAT DEBUG 0 0:4: ecrt_slave_config_reg_pdo_entry(sc = 0x000000003bde6880, index = 0x6030, subindex = 0x01, domain = 0x000000006b07803d, bit_position = 0x0000000070142e64)
[  483.092985] EtherCAT DEBUG 0: ecrt_master_slave_config(master = 0x00000000a5bc56b8, alias = 0, position = 4, vendor_id = 0x00000002, product_code = 0x03fa4052)
[  483.092986] EtherCAT DEBUG 0 0:4: ecrt_slave_config_reg_pdo_entry(sc = 0x000000003bde6880, index = 0x6040, subindex = 0x01, domain = 0x000000006b07803d, bit_position = 0x0000000020d19a3b)
[  483.092986] EtherCAT DEBUG 0: ecrt_master_slave_config(master = 0x00000000a5bc56b8, alias = 0, position = 4, vendor_id = 0x00000002, product_code = 0x03fa4052)
[  483.092987] EtherCAT DEBUG 0 0:4: ecrt_slave_config_reg_pdo_entry(sc = 0x000000003bde6880, index = 0x6050, subindex = 0x01, domain = 0x000000006b07803d, bit_position = 0x00000000e38caacc)
[  483.092988] EtherCAT DEBUG 0: ecrt_master_slave_config(master = 0x00000000a5bc56b8, alias = 0, position = 4, vendor_id = 0x00000002, product_code = 0x03fa4052)
[  483.092989] EtherCAT DEBUG 0 0:4: ecrt_slave_config_reg_pdo_entry(sc = 0x000000003bde6880, index = 0x6060, subindex = 0x01, domain = 0x000000006b07803d, bit_position = 0x00000000893fd60e)
[  483.092990] EtherCAT DEBUG 0: ecrt_master_slave_config(master = 0x00000000a5bc56b8, alias = 0, position = 4, vendor_id = 0x00000002, product_code = 0x03fa4052)
[  483.092991] EtherCAT DEBUG 0 0:4: ecrt_slave_config_reg_pdo_entry(sc = 0x000000003bde6880, index = 0x6070, subindex = 0x01, domain = 0x000000006b07803d, bit_position = 0x00000000e805ed7b)
[  483.092996] EtherCAT DEBUG 0: ecrt_domain_external_memory(domain = 0x000000006b07803d, mem = 0x00000000ab9bd04c)
[  483.092997] EtherCAT DEBUG 0: ecrt_master_callbacks(master = 0x00000000a5bc56b8, send_cb = 0x000000001ed55a02, receive_cb = 0x00000000253a5cd9, cb_data = 0x00000000a5bc56b8)
[  483.092998] EtherCAT DEBUG 0: ecrt_master_activate(master = 0x00000000a5bc56b8)
[  483.092999] EtherCAT DEBUG 0: Adding datagram pair with expected WC 7.
[  483.092999] EtherCAT 0: Domain0: Logical address 0x00000000, 29 byte, expected working counter 7.
[  483.093000] EtherCAT 0:   Datagram domain0-0-main: Logical offset 0x00000000, 29 byte, type LRW at 000000001122d168.
[  483.093001] EtherCAT DEBUG 0: Stopping master thread.
[  483.093003] EtherCAT DEBUG 0: Master IDLE thread exiting...
[  483.093006] EtherCAT 0: Master thread exited.
[  483.093007] EtherCAT DEBUG 0: FSM datagram is 00000000af46f612.
[  483.093008] EtherCAT 0: Starting EtherCAT-OP thread.
[  483.093028] EtherCAT DEBUG 0: Operation thread running with fsm interval = 4000 us, max data size=45000
[  483.093029] EtherCAT WARNING 0: 1 datagram UNMATCHED!
[  483.093034] EtherCAT DEBUG 0: mmap()
[  483.093037] EtherCAT DEBUG 0: Vma fault, offset = 0, page = 0000000016841d59
[  486.916527] EtherCAT DEBUG 0: Configuration changed (aborting state check).
[  486.916529] EtherCAT DEBUG 0-0: Checking system time offset.
[  486.924522] EtherCAT DEBUG 0-0: DC 64 bit system time offset calculation: system_time=770787675887688631, app_time=770787675887070216, diff=-618415
[  486.924524] EtherCAT DEBUG 0-0: Setting time offset to 770787162011917866 (was 770787162012536281)
[  486.944517] EtherCAT DEBUG 0-1: Checking system time offset.
[  486.956521] EtherCAT DEBUG 0-1: DC 64 bit system time offset calculation: system_time=770787675915684865, app_time=770787675915071955, diff=-612910
[  486.956523] EtherCAT DEBUG 0-1: Setting time offset to 770787160911703212 (was 770787160912316122)
[  486.976518] EtherCAT DEBUG 0-2: Checking system time offset.
[  486.988519] EtherCAT DEBUG 0-2: DC 64 bit system time offset calculation: system_time=770787675947697299, app_time=770787675947082100, diff=-615199
[  486.988522] EtherCAT DEBUG 0-2: Setting time offset to 770787160830171849 (was 770787160830787048)
[  487.008513] EtherCAT DEBUG 0: Requesting OP...
[  487.024548] EtherCAT DEBUG 0-0: Changing state from PREOP to OP.
[  487.024551] EtherCAT DEBUG 0-0: Configuring...
[  487.026740] EtherCAT DEBUG 0-0: Now in INIT.
[  487.026740] EtherCAT DEBUG 0-0: Clearing FMMU configurations...
[  487.026741] EtherCAT DEBUG 0-0: Clearing mailbox check flag...
[  487.027740] EtherCAT DEBUG 0-0: Clearing sync manager configurations...
[  487.028740] EtherCAT DEBUG 0-0: Clearing DC assignment...
[  487.029740] EtherCAT DEBUG 0-0: Configuring mailbox sync managers...
[  487.029740] EtherCAT DEBUG 0-0: Slave does not provide mailbox sync manager configurations.
[  487.029741] EtherCAT DEBUG 0-0: SM0: Addr 0x1000, Size 128, Ctrl 0x26, En 1
[  487.029742] EtherCAT DEBUG 0-0: SM1: Addr 0x10C0, Size 128, Ctrl 0x22, En 1
[  487.030740] EtherCAT DEBUG 0-0: Assigning SII access to PDI.
[  487.033740] EtherCAT DEBUG 0-0: Now in PREOP.
[  487.033740] EtherCAT DEBUG 0-0: Assigning SII access back to EtherCAT.
[  487.035044] EtherCAT DEBUG 0-0: Downloading SDO 0x1C12:00.
[  487.035044] EtherCAT DEBUG: 00 
[  487.035046] EtherCAT DEBUG 0-0: Expedited download request:
[  487.035046] EtherCAT DEBUG: 00 20 2F 12 1C 00 00 00 00 00 
[  487.041044] EtherCAT DEBUG 0-0: Download response:
[  487.041045] EtherCAT DEBUG: 00 30 60 12 1C 00 00 00 00 00 
[  487.041048] EtherCAT DEBUG 0-0: Downloading SDO 0x1C13:00.
[  487.041049] EtherCAT DEBUG: 00 
[  487.041049] EtherCAT DEBUG 0-0: Expedited download request:
[  487.041050] EtherCAT DEBUG: 00 20 2F 13 1C 00 00 00 00 00 
[  487.044740] EtherCAT DEBUG 0-0: Download response:
[  487.044741] EtherCAT DEBUG: 00 30 60 13 1C 00 00 00 00 00 
[  487.044743] EtherCAT DEBUG 0-0: Downloading SDO 0x1A00:00.
[  487.044744] EtherCAT DEBUG: 00 
[  487.044744] EtherCAT DEBUG 0-0: Expedited download request:
[  487.044744] EtherCAT DEBUG: 00 20 2F 00 1A 00 00 00 00 00 
[  487.050740] EtherCAT DEBUG 0-0: Download response:
[  487.050740] EtherCAT DEBUG: 00 30 60 00 1A 00 00 00 00 00 
[  487.050742] EtherCAT DEBUG 0-0: Downloading SDO 0x1A00:01.
[  487.050742] EtherCAT DEBUG: 10 00 41 60 
[  487.050743] EtherCAT DEBUG 0-0: Expedited download request:
[  487.050743] EtherCAT DEBUG: 00 20 23 00 1A 01 10 00 41 60 
[  487.056740] EtherCAT DEBUG 0-0: Download response:
[  487.056740] EtherCAT DEBUG: 00 30 60 00 1A 01 10 00 41 60 
[  487.056742] EtherCAT DEBUG 0-0: Downloading SDO 0x1A00:02.
[  487.056742] EtherCAT DEBUG: 10 00 43 60 
[  487.056743] EtherCAT DEBUG 0-0: Expedited download request:
[  487.056743] EtherCAT DEBUG: 00 20 23 00 1A 02 10 00 43 60 
[  487.062739] EtherCAT DEBUG 0-0: Download response:
[  487.062740] EtherCAT DEBUG: 00 30 60 00 1A 02 10 00 43 60 
[  487.062742] EtherCAT DEBUG 0-0: Downloading SDO 0x1A00:03.
[  487.062742] EtherCAT DEBUG: 08 00 61 60 
[  487.062743] EtherCAT DEBUG 0-0: Expedited download request:
[  487.062743] EtherCAT DEBUG: 00 20 23 00 1A 03 08 00 61 60 
[  487.068739] EtherCAT DEBUG 0-0: Download response:
[  487.068740] EtherCAT DEBUG: 00 30 60 00 1A 03 08 00 61 60 
[  487.068742] EtherCAT DEBUG 0-0: Downloading SDO 0x1A00:04.
[  487.068742] EtherCAT DEBUG: 08 00 00 00 
[  487.068743] EtherCAT DEBUG 0-0: Expedited download request:
[  487.068743] EtherCAT DEBUG: 00 20 23 00 1A 04 08 00 00 00 
[  487.075739] EtherCAT DEBUG 0-0: Download response:
[  487.075739] EtherCAT DEBUG: 00 30 60 00 1A 04 08 00 00 00 
[  487.075741] EtherCAT DEBUG 0-0: Downloading SDO 0x1A00:00.
[  487.075741] EtherCAT DEBUG: 04 
[  487.075742] EtherCAT DEBUG 0-0: Expedited download request:
[  487.075742] EtherCAT DEBUG: 00 20 2F 00 1A 00 04 00 00 00 
[  487.080739] EtherCAT DEBUG 0-0: Download response:
[  487.080739] EtherCAT DEBUG: 00 30 60 00 1A 00 04 00 00 00 
[  487.080741] EtherCAT DEBUG 0-0: Downloading SDO 0x1A01:00.
[  487.080741] EtherCAT DEBUG: 00 
[  487.080742] EtherCAT DEBUG 0-0: Expedited download request:
[  487.080742] EtherCAT DEBUG: 00 20 2F 01 1A 00 00 00 00 00 
[  487.087777] EtherCAT DEBUG 0-0: Download response:
[  487.087778] EtherCAT DEBUG: 00 30 60 01 1A 00 00 00 00 00 
[  487.087781] EtherCAT DEBUG 0-0: Downloading SDO 0x1A02:00.
[  487.087782] EtherCAT DEBUG: 00 
[  487.087782] EtherCAT DEBUG 0-0: Expedited download request:
[  487.087783] EtherCAT DEBUG: 00 20 2F 02 1A 00 00 00 00 00 
[  487.092739] EtherCAT DEBUG 0-0: Download response:
[  487.092739] EtherCAT DEBUG: 00 30 60 02 1A 00 00 00 00 00 
[  487.092741] EtherCAT DEBUG 0-0: Downloading SDO 0x1A03:00.
[  487.092742] EtherCAT DEBUG: 00 
[  487.092742] EtherCAT DEBUG 0-0: Expedited download request:
[  487.092742] EtherCAT DEBUG: 00 20 2F 03 1A 00 00 00 00 00 
[  487.098739] EtherCAT DEBUG 0-0: Download response:
[  487.098739] EtherCAT DEBUG: 00 30 60 03 1A 00 00 00 00 00 
[  487.098741] EtherCAT DEBUG 0-0: Downloading SDO 0x1600:00.
[  487.098742] EtherCAT DEBUG: 00 
[  487.098742] EtherCAT DEBUG 0-0: Expedited download request:
[  487.098742] EtherCAT DEBUG: 00 20 2F 00 16 00 00 00 00 00 
[  487.104739] EtherCAT DEBUG 0-0: Download response:
[  487.104739] EtherCAT DEBUG: 00 30 60 00 16 00 00 00 00 00 
[  487.104741] EtherCAT DEBUG 0-0: Downloading SDO 0x1A01:02.
[  487.104741] EtherCAT DEBUG: 10 01 21 30 
[  487.104742] EtherCAT DEBUG 0-0: Expedited download request:
[  487.104742] EtherCAT DEBUG: 00 20 23 01 1A 02 10 01 21 30 
[  487.110738] EtherCAT DEBUG 0-0: Download response:
[  487.110739] EtherCAT DEBUG: 00 30 60 01 1A 02 10 01 21 30 
[  487.110741] EtherCAT DEBUG 0-0: Downloading SDO 0x1A01:03.
[  487.110741] EtherCAT DEBUG: 10 0F 22 30 
[  487.110742] EtherCAT DEBUG 0-0: Expedited download request:
[  487.110742] EtherCAT DEBUG: 00 20 23 01 1A 03 10 0F 22 30 
[  487.116738] EtherCAT DEBUG 0-0: Download response:
[  487.116739] EtherCAT DEBUG: 00 30 60 01 1A 03 10 0F 22 30 
[  487.116741] EtherCAT DEBUG 0-0: Downloading SDO 0x1A01:00.
[  487.116741] EtherCAT DEBUG: 03 
[  487.116741] EtherCAT DEBUG 0-0: Expedited download request:
[  487.116742] EtherCAT DEBUG: 00 20 2F 01 1A 00 03 00 00 00 
[  487.122738] EtherCAT DEBUG 0-0: Download response:
[  487.122739] EtherCAT DEBUG: 00 30 60 01 1A 00 03 00 00 00 
[  487.122741] EtherCAT DEBUG 0-0: Downloading SDO 0x1600:01.
[  487.122741] EtherCAT DEBUG: 10 00 40 60 
[  487.122742] EtherCAT DEBUG 0-0: Expedited download request:
[  487.122742] EtherCAT DEBUG: 00 20 23 00 16 01 10 00 40 60 
[  487.128738] EtherCAT DEBUG 0-0: Download response:
[  487.128739] EtherCAT DEBUG: 00 30 60 00 16 01 10 00 40 60 
[  487.128740] EtherCAT DEBUG 0-0: Downloading SDO 0x1600:02.
[  487.128741] EtherCAT DEBUG: 10 00 42 60 
[  487.128742] EtherCAT DEBUG 0-0: Expedited download request:
[  487.128742] EtherCAT DEBUG: 00 20 23 00 16 02 10 00 42 60 
[  487.134738] EtherCAT DEBUG 0-0: Download response:
[  487.134738] EtherCAT DEBUG: 00 30 60 00 16 02 10 00 42 60 
[  487.134740] EtherCAT DEBUG 0-0: Downloading SDO 0x1600:03.
[  487.134741] EtherCAT DEBUG: 08 00 60 60 
[  487.134742] EtherCAT DEBUG 0-0: Expedited download request:
[  487.134742] EtherCAT DEBUG: 00 20 23 00 16 03 08 00 60 60 
[  487.140738] EtherCAT DEBUG 0-0: Download response:
[  487.140738] EtherCAT DEBUG: 00 30 60 00 16 03 08 00 60 60 
[  487.140740] EtherCAT DEBUG 0-0: Downloading SDO 0x1600:04.
[  487.140741] EtherCAT DEBUG: 08 00 00 00 
[  487.140742] EtherCAT DEBUG 0-0: Expedited download request:
[  487.140742] EtherCAT DEBUG: 00 20 23 00 16 04 08 00 00 00 
[  487.146738] EtherCAT DEBUG 0-0: Download response:
[  487.146739] EtherCAT DEBUG: 00 30 60 00 16 04 08 00 00 00 
[  487.146741] EtherCAT DEBUG 0-0: Downloading SDO 0x1600:00.
[  487.146742] EtherCAT DEBUG: 04 
[  487.146742] EtherCAT DEBUG 0-0: Expedited download request:
[  487.146742] EtherCAT DEBUG: 00 20 2F 00 16 00 04 00 00 00 
[  487.152738] EtherCAT DEBUG 0-0: Download response:
[  487.152739] EtherCAT DEBUG: 00 30 60 00 16 00 04 00 00 00 
[  487.152742] EtherCAT DEBUG 0-0: Downloading SDO 0x1601:00.
[  487.152742] EtherCAT DEBUG: 00 
[  487.152743] EtherCAT DEBUG 0-0: Expedited download request:
[  487.152743] EtherCAT DEBUG: 00 20 2F 01 16 00 00 00 00 00 
[  487.158738] EtherCAT DEBUG 0-0: Download response:
[  487.158738] EtherCAT DEBUG: 00 30 60 01 16 00 00 00 00 00 
[  487.158740] EtherCAT DEBUG 0-0: Downloading SDO 0x1602:00.
[  487.158740] EtherCAT DEBUG: 00 
[  487.158741] EtherCAT DEBUG 0-0: Expedited download request:
[  487.158741] EtherCAT DEBUG: 00 20 2F 02 16 00 00 00 00 00 
[  487.164738] EtherCAT DEBUG 0-0: Download response:
[  487.164738] EtherCAT DEBUG: 00 30 60 02 16 00 00 00 00 00 
[  487.164741] EtherCAT DEBUG 0-0: Downloading SDO 0x1603:00.
[  487.164742] EtherCAT DEBUG: 00 
[  487.164742] EtherCAT DEBUG 0-0: Expedited download request:
[  487.164743] EtherCAT DEBUG: 00 20 2F 03 16 00 00 00 00 00 
[  487.170737] EtherCAT DEBUG 0-0: Download response:
[  487.170738] EtherCAT DEBUG: 00 30 60 03 16 00 00 00 00 00 
[  487.170740] EtherCAT DEBUG 0-0: Downloading SDO 0x1601:01.
[  487.170741] EtherCAT DEBUG: 20 00 50 60 
[  487.170741] EtherCAT DEBUG 0-0: Expedited download request:
[  487.170742] EtherCAT DEBUG: 00 20 23 01 16 01 20 00 50 60 
[  487.176738] EtherCAT DEBUG 0-0: Download response:
[  487.176739] EtherCAT DEBUG: 00 30 60 01 16 01 20 00 50 60 
[  487.176741] EtherCAT DEBUG 0-0: Downloading SDO 0x1601:02.
[  487.176742] EtherCAT DEBUG: 20 00 4F 60 
[  487.176742] EtherCAT DEBUG 0-0: Expedited download request:
[  487.176743] EtherCAT DEBUG: 00 20 23 01 16 02 20 00 4F 60 
[  487.182738] EtherCAT DEBUG 0-0: Download response:
[  487.182739] EtherCAT DEBUG: 00 30 60 01 16 02 20 00 4F 60 
[  487.182741] EtherCAT DEBUG 0-0: Downloading SDO 0x1601:00.
[  487.182742] EtherCAT DEBUG: 02 
[  487.182742] EtherCAT DEBUG 0-0: Expedited download request:
[  487.182742] EtherCAT DEBUG: 00 20 2F 01 16 00 02 00 00 00 
[  487.188737] EtherCAT DEBUG 0-0: Download response:
[  487.188738] EtherCAT DEBUG: 00 30 60 01 16 00 02 00 00 00 
[  487.188740] EtherCAT DEBUG 0-0: Downloading SDO 0x1C12:01.
[  487.188741] EtherCAT DEBUG: 00 16 
[  487.188741] EtherCAT DEBUG 0-0: Expedited download request:
[  487.188742] EtherCAT DEBUG: 00 20 2B 12 1C 01 00 16 00 00 
[  487.192737] EtherCAT DEBUG 0-0: Download response:
[  487.192738] EtherCAT DEBUG: 00 30 60 12 1C 01 00 16 00 00 
[  487.192740] EtherCAT DEBUG 0-0: Downloading SDO 0x1C12:02.
[  487.192740] EtherCAT DEBUG: 01 16 
[  487.192740] EtherCAT DEBUG 0-0: Expedited download request:
[  487.192741] EtherCAT DEBUG: 00 20 2B 12 1C 02 01 16 00 00 
[  487.198738] EtherCAT DEBUG 0-0: Download response:
[  487.198740] EtherCAT DEBUG: 00 30 60 12 1C 02 01 16 00 00 
[  487.198743] EtherCAT DEBUG 0-0: Downloading SDO 0x1C12:00.
[  487.198743] EtherCAT DEBUG: 02 
[  487.198744] EtherCAT DEBUG 0-0: Expedited download request:
[  487.198744] EtherCAT DEBUG: 00 20 2F 12 1C 00 02 00 00 00 
[  487.204737] EtherCAT DEBUG 0-0: Download response:
[  487.204737] EtherCAT DEBUG: 00 30 60 12 1C 00 02 00 00 00 
[  487.204739] EtherCAT DEBUG 0-0: Downloading SDO 0x1C13:01.
[  487.204740] EtherCAT DEBUG: 00 1A 
[  487.204740] EtherCAT DEBUG 0-0: Expedited download request:
[  487.204740] EtherCAT DEBUG: 00 20 2B 13 1C 01 00 1A 00 00 
[  487.208737] EtherCAT DEBUG 0-0: Download response:
[  487.208737] EtherCAT DEBUG: 00 30 60 13 1C 01 00 1A 00 00 
[  487.208740] EtherCAT DEBUG 0-0: Downloading SDO 0x1C13:02.
[  487.208740] EtherCAT DEBUG: 01 1A 
[  487.208742] EtherCAT DEBUG 0-0: Expedited download request:
[  487.208742] EtherCAT DEBUG: 00 20 2B 13 1C 02 01 1A 00 00 
[  487.214737] EtherCAT DEBUG 0-0: Download response:
[  487.214738] EtherCAT DEBUG: 00 30 60 13 1C 02 01 1A 00 00 
[  487.214741] EtherCAT DEBUG 0-0: Downloading SDO 0x1C13:00.
[  487.214741] EtherCAT DEBUG: 02 
[  487.214742] EtherCAT DEBUG 0-0: Expedited download request:
[  487.214742] EtherCAT DEBUG: 00 20 2F 13 1C 00 02 00 00 00 
[  487.220737] EtherCAT DEBUG 0-0: Download response:
[  487.220737] EtherCAT DEBUG: 00 30 60 13 1C 00 02 00 00 00 
[  487.220742] EtherCAT WARNING 0-0: PDOs configured for SM2, but slave does not provide the sync manager information!
[  487.220744] EtherCAT WARNING 0-0: PDOs configured for SM3, but slave does not provide the sync manager information!
[  487.220745] EtherCAT ERROR 0-0: Failed to determine PDO sync manager for FMMU!
[  487.229676] EtherCAT DEBUG 0-1: Changing state from PREOP to OP.
[  487.229679] EtherCAT DEBUG 0-1: Configuring...
[  487.231736] EtherCAT DEBUG 0-1: Now in INIT.
[  487.231737] EtherCAT DEBUG 0-1: Clearing FMMU configurations...
[  487.231737] EtherCAT DEBUG 0-1: Clearing mailbox check flag...
[  487.232737] EtherCAT DEBUG 0-1: Clearing sync manager configurations...
[  487.233736] EtherCAT DEBUG 0-1: Clearing DC assignment...
[  487.234736] EtherCAT DEBUG 0-1: Slave does not support mailbox communication.
[  487.234737] EtherCAT DEBUG 0-1: Assigning SII access to PDI.
[  487.237736] EtherCAT DEBUG 0-1: Now in PREOP.
[  487.237737] EtherCAT DEBUG 0-1: Assigning SII access back to EtherCAT.
[  487.241736] EtherCAT DEBUG 0-1: Now in SAFEOP.
[  487.243736] EtherCAT DEBUG 0-1: Now in OP. Finished configuration.
[  487.248514] EtherCAT DEBUG 0-2: Changing state from PREOP to OP.
[  487.248517] EtherCAT DEBUG 0-2: Configuring...
[  487.250737] EtherCAT DEBUG 0-2: Now in INIT.
[  487.250737] EtherCAT DEBUG 0-2: Clearing FMMU configurations...
[  487.250738] EtherCAT DEBUG 0-2: Clearing mailbox check flag...
[  487.251736] EtherCAT DEBUG 0-2: Clearing sync manager configurations...
[  487.252736] EtherCAT DEBUG 0-2: Clearing DC assignment...
[  487.253736] EtherCAT DEBUG 0-2: Slave does not support mailbox communication.
[  487.253736] EtherCAT DEBUG 0-2: Assigning SII access to PDI.
[  487.256736] EtherCAT DEBUG 0-2: Now in PREOP.
[  487.256737] EtherCAT DEBUG 0-2: Assigning SII access back to EtherCAT.
[  487.257737] EtherCAT DEBUG 0-2: SM0: Addr 0x1000, Size   1, Ctrl 0x00, En 1
[  487.258736] EtherCAT DEBUG 0 0:2: FMMU: LogOff 0x0000001A, Size   1, PhysAddr 0x1000, SM0, Dir in
[  487.260736] EtherCAT 0: Domain 0: Working counter changed to 1/7.
[  487.261736] EtherCAT DEBUG 0-2: Now in SAFEOP.
[  487.263737] EtherCAT DEBUG 0-2: Now in OP. Finished configuration.
[  487.268524] EtherCAT DEBUG 0-3: Changing state from PREOP to OP.
[  487.268526] EtherCAT DEBUG 0-3: Configuring...
[  487.270736] EtherCAT DEBUG 0-3: Now in INIT.
[  487.270736] EtherCAT DEBUG 0-3: Clearing FMMU configurations...
[  487.270736] EtherCAT DEBUG 0-3: Clearing mailbox check flag...
[  487.271735] EtherCAT DEBUG 0-3: Clearing sync manager configurations...
[  487.272736] EtherCAT DEBUG 0-3: Slave does not support mailbox communication.
[  487.272737] EtherCAT DEBUG 0-3: Assigning SII access to PDI.
[  487.275736] EtherCAT DEBUG 0-3: Now in PREOP.
[  487.275736] EtherCAT DEBUG 0-3: Assigning SII access back to EtherCAT.
[  487.276736] EtherCAT DEBUG 0-3: SM0: Addr 0x0F00, Size   1, Ctrl 0x44, En 1
[  487.277735] EtherCAT DEBUG 0 0:3: FMMU: LogOff 0x0000001B, Size   1, PhysAddr 0x0F00, SM0, Dir out
[  487.280737] EtherCAT DEBUG 0-3: Now in SAFEOP.
[  487.282737] EtherCAT DEBUG 0-3: Now in OP. Finished configuration.
[  487.289034] EtherCAT DEBUG 0-4: Changing state from PREOP to OP.
[  487.289036] EtherCAT DEBUG 0-4: Configuring...
[  487.290735] EtherCAT DEBUG 0-4: Now in INIT.
[  487.290736] EtherCAT DEBUG 0-4: Clearing FMMU configurations...
[  487.290736] EtherCAT DEBUG 0-4: Clearing mailbox check flag...
[  487.291735] EtherCAT DEBUG 0-4: Clearing sync manager configurations...
[  487.292735] EtherCAT DEBUG 0-4: Slave does not support mailbox communication.
[  487.292736] EtherCAT DEBUG 0-4: Assigning SII access to PDI.
[  487.295736] EtherCAT DEBUG 0-4: Now in PREOP.
[  487.295737] EtherCAT DEBUG 0-4: Assigning SII access back to EtherCAT.
[  487.296738] EtherCAT DEBUG 0-4: SM0: Addr 0x1000, Size   1, Ctrl 0x00, En 1
[  487.297736] EtherCAT DEBUG 0 0:4: FMMU: LogOff 0x0000001C, Size   1, PhysAddr 0x1000, SM0, Dir in
[  487.300735] EtherCAT DEBUG 0-4: Now in SAFEOP.
[  487.302735] EtherCAT DEBUG 0-4: Now in OP. Finished configuration.
[  487.312889] EtherCAT 0: Slave states on main device: PREOP, OP.
[  488.264718] EtherCAT 0: Domain 0: 2 working counter changes - now 4/7.
